<?xml version="1.0" encoding="UTF-8"?>
<!-- Generated by org.testng.reporters.JUnitReportReporter -->
<testsuite skipped="0" hostname="DESKTOP-M0JQEN5" name="MyRunner.TestRunner" tests="1" failures="0" timestamp="20 Dec 2020 18:42:24 GMT" time="321.808" errors="0">
  <testcase name="feature" time="321.808" classname="MyRunner.TestRunner"/>
</testsuite> <!-- MyRunner.TestRunner -->
