<?xml version="1.0" encoding="UTF-8"?>
<!-- Generated by org.testng.reporters.JUnitReportReporter -->
<testsuite skipped="0" hostname="DESKTOP-M0JQEN5" name="MyRunner.TestRunner" tests="1" failures="0" timestamp="14 Jan 2021 09:57:25 GMT" time="96.932" errors="0">
  <testcase name="feature" time="96.932" classname="MyRunner.TestRunner"/>
</testsuite> <!-- MyRunner.TestRunner -->
