<?xml version="1.0" encoding="UTF-8"?>
<!-- Generated by org.testng.reporters.JUnitReportReporter -->
<testsuite skipped="0" hostname="DESKTOP-M0JQEN5" name="MyRunner.TestRunner" tests="1" failures="0" timestamp="20 Dec 2020 13:11:04 GMT" time="241.896" errors="0">
  <testcase name="feature" time="241.896" classname="MyRunner.TestRunner"/>
</testsuite> <!-- MyRunner.TestRunner -->
