<?xml version="1.0" encoding="UTF-8"?>
<!-- Generated by org.testng.reporters.JUnitReportReporter -->
<testsuite skipped="0" hostname="DESKTOP-M0JQEN5" name="MyRunner.TestRunner" tests="1" failures="0" timestamp="20 Dec 2020 12:26:14 GMT" time="240.520" errors="0">
  <testcase name="feature" time="240.520" classname="MyRunner.TestRunner"/>
</testsuite> <!-- MyRunner.TestRunner -->
