<?xml version="1.0" encoding="UTF-8"?>
<!-- Generated by org.testng.reporters.JUnitReportReporter -->
<testsuite skipped="0" hostname="DESKTOP-M0JQEN5" name="MyRunner.TestRunner" tests="1" failures="0" timestamp="13 Jan 2021 21:04:41 GMT" time="98.184" errors="0">
  <testcase name="feature" time="98.184" classname="MyRunner.TestRunner"/>
</testsuite> <!-- MyRunner.TestRunner -->
