<?xml version="1.0" encoding="UTF-8"?>
<!-- Generated by org.testng.reporters.JUnitReportReporter -->
<testsuite skipped="0" hostname="DESKTOP-M0JQEN5" name="MyRunner.TestRunner" tests="1" failures="0" timestamp="29 Dec 2020 11:57:53 GMT" time="324.071" errors="0">
  <testcase name="feature" time="324.071" classname="MyRunner.TestRunner"/>
</testsuite> <!-- MyRunner.TestRunner -->
