<?xml version="1.0" encoding="UTF-8"?>
<!-- Generated by org.testng.reporters.JUnitReportReporter -->
<testsuite skipped="0" hostname="DESKTOP-M0JQEN5" name="MyRunner.TestRunner" tests="1" failures="0" timestamp="18 Jan 2021 06:29:41 GMT" time="105.565" errors="0">
  <testcase name="feature" time="105.565" classname="MyRunner.TestRunner"/>
</testsuite> <!-- MyRunner.TestRunner -->
