<?xml version="1.0" encoding="UTF-8"?>
<!-- Generated by org.testng.reporters.JUnitReportReporter -->
<testsuite skipped="0" hostname="DESKTOP-M0JQEN5" name="MyRunner.TestRunner" tests="1" failures="0" timestamp="24 Dec 2020 11:27:19 GMT" time="232.641" errors="0">
  <testcase name="feature" time="232.641" classname="MyRunner.TestRunner"/>
</testsuite> <!-- MyRunner.TestRunner -->
