<?xml version="1.0" encoding="UTF-8"?>
<!-- Generated by org.testng.reporters.JUnitReportReporter -->
<testsuite hostname="DESKTOP-Q1UOM64" failures="0" tests="1" name="MyRunner.TestRunner" time="73.265" errors="0" timestamp="15 Oct 2020 09:20:40 GMT" skipped="0">
  <testcase classname="MyRunner.TestRunner" name="feature" time="73.265"/>
</testsuite> <!-- MyRunner.TestRunner -->
