<?xml version="1.0" encoding="UTF-8"?>
<!-- Generated by org.testng.reporters.JUnitReportReporter -->
<testsuite hostname="DESKTOP-M0JQEN5" failures="0" tests="1" name="MyRunner.TestRunner" time="115.532" errors="0" timestamp="29 Jan 2021 09:00:11 GMT" skipped="0">
  <testcase classname="MyRunner.TestRunner" name="feature" time="115.532"/>
</testsuite> <!-- MyRunner.TestRunner -->
