<?xml version="1.0" encoding="UTF-8"?>
<!-- Generated by org.testng.reporters.JUnitReportReporter -->
<testsuite skipped="0" hostname="DESKTOP-M0JQEN5" name="MyRunner.TestRunner" tests="2" failures="0" timestamp="14 Dec 2020 10:10:49 GMT" time="151.903" errors="0">
  <testcase name="feature" time="74.932" classname="MyRunner.TestRunner"/>
  <testcase name="feature" time="76.971" classname="MyRunner.TestRunner"/>
</testsuite> <!-- MyRunner.TestRunner -->
