<?xml version="1.0" encoding="UTF-8"?>
<!-- Generated by org.testng.reporters.JUnitReportReporter -->
<testsuite skipped="0" hostname="DESKTOP-M0JQEN5" name="MyRunner.TestRunner2" tests="1" failures="0" timestamp="14 Dec 2020 10:08:10 GMT" time="71.490" errors="0">
  <testcase name="feature" time="71.490" classname="MyRunner.TestRunner2"/>
</testsuite> <!-- MyRunner.TestRunner2 -->
