<?xml version="1.0" encoding="UTF-8"?>
<!-- Generated by org.testng.reporters.JUnitReportReporter -->
<testsuite skipped="0" hostname="DESKTOP-M0JQEN5" name="MyRunner.TestRunner" tests="1" failures="0" timestamp="14 Dec 2020 07:52:20 GMT" time="214.618" errors="0">
  <testcase name="feature" time="214.618" classname="MyRunner.TestRunner"/>
</testsuite> <!-- MyRunner.TestRunner -->
