<?xml version="1.0" encoding="UTF-8"?>
<!-- Generated by org.testng.reporters.JUnitReportReporter -->
<testsuite skipped="0" hostname="DESKTOP-M0JQEN5" name="MyRunner.TestRunner" tests="1" failures="0" timestamp="18 Dec 2020 05:56:46 GMT" time="186.541" errors="0">
  <testcase name="feature" time="186.541" classname="MyRunner.TestRunner"/>
</testsuite> <!-- MyRunner.TestRunner -->
