<?xml version="1.0" encoding="UTF-8"?>
<!-- Generated by org.testng.reporters.JUnitReportReporter -->
<testsuite skipped="0" hostname="DESKTOP-M0JQEN5" name="MyRunner.TestRunner" tests="1" failures="0" timestamp="17 Dec 2020 12:49:57 GMT" time="473.579" errors="0">
  <testcase name="feature" time="473.579" classname="MyRunner.TestRunner"/>
</testsuite> <!-- MyRunner.TestRunner -->
