<?xml version="1.0" encoding="UTF-8"?>
<!-- Generated by org.testng.reporters.JUnitReportReporter -->
<testsuite skipped="0" hostname="DESKTOP-M0JQEN5" name="MyRunner.TestRunner" tests="1" failures="0" timestamp="10 Dec 2020 10:26:16 GMT" time="396.032" errors="0">
  <testcase name="feature" time="396.032" classname="MyRunner.TestRunner"/>
</testsuite> <!-- MyRunner.TestRunner -->
