<?xml version="1.0" encoding="UTF-8"?>
<!-- Generated by org.testng.reporters.JUnitReportReporter -->
<testsuite skipped="0" hostname="DESKTOP-M0JQEN5" name="MyRunner.TestRunner" tests="1" failures="0" timestamp="31 Jan 2021 17:48:57 GMT" time="21.620" errors="0">
  <testcase name="feature" time="21.620" classname="MyRunner.TestRunner"/>
</testsuite> <!-- MyRunner.TestRunner -->
