<?xml version="1.0" encoding="UTF-8"?>
<!-- Generated by org.testng.reporters.JUnitReportReporter -->
<testsuite hostname="rupesh" failures="0" tests="1" name="com.dataseers.qa.testcases.ChangePassword_Test" time="20.251" errors="0" timestamp="22 Apr 2020 08:00:16 GMT">
  <testcase classname="com.dataseers.qa.testcases.ChangePassword_Test" name="Change_Password_Test" time="20.251"/>
</testsuite> <!-- com.dataseers.qa.testcases.ChangePassword_Test -->
