<?xml version="1.0" encoding="UTF-8"?>
<!-- Generated by org.testng.reporters.JUnitReportReporter -->
<testsuite hostname="rupesh" failures="0" tests="1" name="com.dataseers.qa.testcases.AddReportMgmt_Test" time="11.192" errors="0" timestamp="15 Sep 2020 07:37:49 GMT">
  <testcase classname="com.dataseers.qa.testcases.AddReportMgmt_Test" name="Add_NewReport_Test" time="11.192"/>
</testsuite> <!-- com.dataseers.qa.testcases.AddReportMgmt_Test -->
