<?xml version="1.0" encoding="UTF-8"?>
<!-- Generated by org.testng.reporters.JUnitReportReporter -->
<testsuite hostname="rupesh" failures="0" tests="1" name="com.dataseers.qa.testcases.EditMerchant_Test1" time="34.470" errors="0" timestamp="29 May 2020 05:52:40 GMT">
  <testcase classname="com.dataseers.qa.testcases.EditMerchant_Test1" name="Edit_Merchant_Test" time="34.470"/>
</testsuite> <!-- com.dataseers.qa.testcases.EditMerchant_Test1 -->
