<?xml version="1.0" encoding="UTF-8"?>
<!-- Generated by org.testng.reporters.JUnitReportReporter -->
<testsuite hostname="rupesh" failures="0" tests="1" name="com.dataseers.qa.testcases.EditAlert_Test2" time="62.698" errors="0" timestamp="15 Sep 2020 09:57:53 GMT">
  <testcase classname="com.dataseers.qa.testcases.EditAlert_Test2" name="Convert_Alert_Test" time="62.698"/>
</testsuite> <!-- com.dataseers.qa.testcases.EditAlert_Test2 -->
