<?xml version="1.0" encoding="UTF-8"?>
<!-- Generated by org.testng.reporters.JUnitReportReporter -->
<testsuite skipped="0" hostname="DESKTOP-M0JQEN5" name="com.dataseers.qa.testcases.Add_Acc_holder_Watchlist_Test" tests="1" failures="0" timestamp="2021-02-05T16:51:54 IST" time="0.002" errors="0">
  <testcase name="Add_Account_Watchlist_Test" time="0.002" classname="com.dataseers.qa.testcases.Add_Acc_holder_Watchlist_Test"/>
  <system-out/>
</testsuite> <!-- com.dataseers.qa.testcases.Add_Acc_holder_Watchlist_Test -->
