<?xml version="1.0" encoding="UTF-8"?>
<!-- Generated by org.testng.reporters.JUnitReportReporter -->
<testsuite skipped="0" hostname="LAPTOP-UONIUDKM" name="com.dataseers.qa.test1.BulkExtractPageTest" tests="1" failures="0" timestamp="3 Feb 2021 05:56:28 GMT" time="37.600" errors="0">
  <testcase name="Add_ds_BulkExtract_Test" time="37.600" classname="com.dataseers.qa.test1.BulkExtractPageTest"/>
</testsuite> <!-- com.dataseers.qa.test1.BulkExtractPageTest -->
