<?xml version="1.0" encoding="UTF-8"?>
<!-- Generated by org.testng.reporters.JUnitReportReporter -->
<testsuite hostname="rupesh" failures="0" tests="1" name="com.dataseers.qa.testcases.AddProcessorRule_Test2" time="51.011" errors="0" timestamp="10 Sep 2020 10:11:25 GMT">
  <testcase classname="com.dataseers.qa.testcases.AddProcessorRule_Test2" name="Add_Processor_Test2" time="51.011"/>
</testsuite> <!-- com.dataseers.qa.testcases.AddProcessorRule_Test2 -->
