<?xml version="1.0" encoding="UTF-8"?>
<!-- Generated by org.testng.reporters.JUnitReportReporter -->
<testsuite hostname="rupesh" failures="0" tests="1" name="com.dataseers.qa.pages.test" time="14.133" errors="0" timestamp="16 Apr 2020 09:42:41 GMT">
  <testcase classname="com.dataseers.qa.pages.test" name="RegistrationSuccessful" time="14.133"/>
</testsuite> <!-- com.dataseers.qa.pages.test -->
