<?xml version="1.0" encoding="UTF-8"?>
<!-- Generated by org.testng.reporters.JUnitReportReporter -->
<testsuite hostname="rupesh" failures="0" tests="1" name="com.dataseers.qa.testcases.EditReportGroup_Test1" time="43.562" errors="0" timestamp="7 Jul 2020 11:42:46 GMT">
  <testcase classname="com.dataseers.qa.testcases.EditReportGroup_Test1" name="Edit_ReportGroup_Test" time="43.562"/>
</testsuite> <!-- com.dataseers.qa.testcases.EditReportGroup_Test1 -->
