<?xml version="1.0" encoding="UTF-8"?>
<!-- Generated by org.testng.reporters.JUnitReportReporter -->
<testsuite hostname="rupesh" failures="0" tests="1" name="com.dataseers.qa.testcases.ProgramMatrix_Test1" time="529.319" errors="0" timestamp="30 Jul 2020 07:50:33 GMT">
  <testcase classname="com.dataseers.qa.testcases.ProgramMatrix_Test1" name="Add_ProgramMatrix_Test" time="529.319"/>
</testsuite> <!-- com.dataseers.qa.testcases.ProgramMatrix_Test1 -->
