<?xml version="1.0" encoding="UTF-8"?>
<!-- Generated by org.testng.reporters.JUnitReportReporter -->
<testsuite hostname="rupesh" failures="0" tests="1" name="com.dataseers.qa.testcases.RealTimeTransaction_Test" time="40.486" errors="0" timestamp="19 Jul 2020 06:28:16 GMT">
  <testcase classname="com.dataseers.qa.testcases.RealTimeTransaction_Test" name="RalTime_Transaction_Test" time="40.486"/>
</testsuite> <!-- com.dataseers.qa.testcases.RealTimeTransaction_Test -->
