<?xml version="1.0" encoding="UTF-8"?>
<!-- Generated by org.testng.reporters.JUnitReportReporter -->
<testsuite hostname="rupesh" failures="0" tests="1" name="com.dataseers.qa.testcases.AddProgramGroup_Test" time="35.697" errors="0" timestamp="10 Sep 2020 10:16:45 GMT">
  <testcase classname="com.dataseers.qa.testcases.AddProgramGroup_Test" name="Add_Newprogram_Test" time="35.697"/>
</testsuite> <!-- com.dataseers.qa.testcases.AddProgramGroup_Test -->
