<?xml version="1.0" encoding="UTF-8"?>
<!-- Generated by org.testng.reporters.JUnitReportReporter -->
<testsuite hostname="rupesh" failures="0" tests="1" name="com.dataseers.qa.testcases.AddProcessorRule_Test1" time="57.647" errors="0" timestamp="10 Sep 2020 09:57:59 GMT">
  <testcase classname="com.dataseers.qa.testcases.AddProcessorRule_Test1" name="Add_Processor_Test" time="57.647"/>
</testsuite> <!-- com.dataseers.qa.testcases.AddProcessorRule_Test1 -->
