<?xml version="1.0" encoding="UTF-8"?>
<!-- Generated by org.testng.reporters.JUnitReportReporter -->
<testsuite hostname="rupesh" failures="0" tests="1" name="com.dataseers.qa.testcases.LoginFail_Test" time="17.694" errors="0" timestamp="19 Jul 2020 13:03:04 GMT">
  <testcase classname="com.dataseers.qa.testcases.LoginFail_Test" name="Invalid_Login_Test" time="17.694"/>
</testsuite> <!-- com.dataseers.qa.testcases.LoginFail_Test -->
