<?xml version="1.0" encoding="UTF-8"?>
<!-- Generated by org.testng.reporters.JUnitReportReporter -->
<testsuite hostname="rupesh" failures="0" tests="1" name="com.dataseers.qa.testcases.AddProcessorMapping_Test1" time="108.260" errors="0" timestamp="19 Jul 2020 06:39:49 GMT">
  <testcase classname="com.dataseers.qa.testcases.AddProcessorMapping_Test1" name="tranasctionMap_Processor_Test1" time="108.260"/>
</testsuite> <!-- com.dataseers.qa.testcases.AddProcessorMapping_Test1 -->
