<?xml version="1.0" encoding="UTF-8"?>
<!-- Generated by org.testng.reporters.JUnitReportReporter -->
<testsuite hostname="rupesh" failures="0" tests="1" name="com.dataseers.qa.testcases.AddAlert_Test1" time="101.764" errors="0" timestamp="15 Sep 2020 09:29:38 GMT">
  <testcase classname="com.dataseers.qa.testcases.AddAlert_Test1" name="Add_Alert_Test" time="101.764"/>
</testsuite> <!-- com.dataseers.qa.testcases.AddAlert_Test1 -->
