<?xml version="1.0" encoding="UTF-8"?>
<!-- Generated by org.testng.reporters.JUnitReportReporter -->
<testsuite hostname="rupesh" failures="0" tests="1" name="com.dataseers.qa.testcases.EditProgramMatrix_Test1" time="292.294" errors="0" timestamp="19 Jul 2020 06:23:10 GMT">
  <testcase classname="com.dataseers.qa.testcases.EditProgramMatrix_Test1" name="Edit_ProgramMatrix_Test" time="292.294"/>
</testsuite> <!-- com.dataseers.qa.testcases.EditProgramMatrix_Test1 -->
