<?xml version="1.0" encoding="UTF-8"?>
<!-- Generated by org.testng.reporters.JUnitReportReporter -->
<testsuite hostname="rupesh" failures="0" tests="1" name="com.dataseers.qa.testcases.AddProcessor_Test1" time="26.027" errors="0" timestamp="4 Jun 2020 10:14:59 GMT">
  <testcase classname="com.dataseers.qa.testcases.AddProcessor_Test1" name="Add_Processor_Test" time="26.027"/>
</testsuite> <!-- com.dataseers.qa.testcases.AddProcessor_Test1 -->
