<?xml version="1.0" encoding="UTF-8"?>
<!-- Generated by org.testng.reporters.JUnitReportReporter -->
<testsuite hostname="rupesh" failures="0" tests="1" name="com.dataseers.qa.testcases.EditAlert_Test1" time="95.570" errors="0" timestamp="15 Sep 2020 09:26:07 GMT">
  <testcase classname="com.dataseers.qa.testcases.EditAlert_Test1" name="Close_Alert_Test" time="95.570"/>
</testsuite> <!-- com.dataseers.qa.testcases.EditAlert_Test1 -->
