<?xml version="1.0" encoding="UTF-8"?>
<!-- Generated by org.testng.reporters.JUnitReportReporter -->
<testsuite hostname="rupesh" failures="0" tests="1" name="com.dataseers.qa.testcases.AddProgram_Test" time="22.651" errors="0" timestamp="2 Apr 2020 09:25:54 GMT">
  <testcase classname="com.dataseers.qa.testcases.AddProgram_Test" name="Add_Newprogram_Test" time="22.651"/>
</testsuite> <!-- com.dataseers.qa.testcases.AddProgram_Test -->
