<?xml version="1.0" encoding="UTF-8"?>
<!-- Generated by org.testng.reporters.JUnitReportReporter -->
<testsuite hostname="rupesh" failures="0" tests="1" name="com.dataseers.qa.testcases.SearchAuditLog_Test" time="23.444" errors="0" timestamp="10 Sep 2020 07:56:06 GMT">
  <testcase classname="com.dataseers.qa.testcases.SearchAuditLog_Test" name="Add_Newprogram_Test" time="23.444"/>
</testsuite> <!-- com.dataseers.qa.testcases.SearchAuditLog_Test -->
