<?xml version="1.0" encoding="UTF-8"?>
<!-- Generated by org.testng.reporters.JUnitReportReporter -->
<testsuite hostname="rupesh" failures="0" tests="1" name="com.dataseers.qa.testcases.EditProcessorMapping_Test" time="113.798" errors="0" timestamp="19 Jul 2020 07:00:01 GMT">
  <testcase classname="com.dataseers.qa.testcases.EditProcessorMapping_Test" name="tranasctionMap_Processor_Test1" time="113.798"/>
</testsuite> <!-- com.dataseers.qa.testcases.EditProcessorMapping_Test -->
