<?xml version="1.0" encoding="UTF-8"?>
<!-- Generated by org.testng.reporters.JUnitReportReporter -->
<testsuite hostname="rupesh" failures="0" tests="1" name="com.dataseers.qa.testcases.AddRole_Test" time="29.222" errors="0" timestamp="30 Apr 2020 11:38:38 GMT">
  <testcase classname="com.dataseers.qa.testcases.AddRole_Test" name="Add_Newrole_Test" time="29.222"/>
</testsuite> <!-- com.dataseers.qa.testcases.AddRole_Test -->
