<?xml version="1.0" encoding="UTF-8"?>
<!-- Generated by org.testng.reporters.JUnitReportReporter -->
<testsuite skipped="0" hostname="DESKTOP-M0JQEN5" name="com.dataseers.qa.testcases.Third" tests="1" failures="0" timestamp="2021-02-04T23:21:59 IST" time="0.006" errors="0">
  <testcase name="login" time="0.006" classname="com.dataseers.qa.testcases.Third"/>
  <system-out/>
</testsuite> <!-- com.dataseers.qa.testcases.Third -->
