<?xml version="1.0" encoding="UTF-8"?>
<!-- Generated by org.testng.reporters.JUnitReportReporter -->
<testsuite skipped="0" hostname="DESKTOP-M0JQEN5" name="com.dataseers.qa.testcases.AddProcessor" tests="1" failures="0" timestamp="2021-02-05T16:51:54 IST" time="0.001" errors="0">
  <testcase name="Add_NewProcessor_Test" time="0.001" classname="com.dataseers.qa.testcases.AddProcessor"/>
  <system-out/>
</testsuite> <!-- com.dataseers.qa.testcases.AddProcessor -->
