<?xml version="1.0" encoding="UTF-8"?>
<!-- Generated by org.testng.reporters.JUnitReportReporter -->
<testsuite hostname="rupesh" failures="0" tests="1" name="com.dataseers.qa.testcases.EditProgramGroup_Test1" time="38.138" errors="0" timestamp="29 May 2020 08:29:24 GMT">
  <testcase classname="com.dataseers.qa.testcases.EditProgramGroup_Test1" name="edit_programGroup_Test" time="38.138"/>
</testsuite> <!-- com.dataseers.qa.testcases.EditProgramGroup_Test1 -->
