<?xml version="1.0" encoding="UTF-8"?>
<!-- Generated by org.testng.reporters.JUnitReportReporter -->
<testsuite hostname="rupesh" failures="0" tests="1" name="com.dataseers.qa.testcases.ProcessorMapping_Test1" time="61.399" errors="0" timestamp="29 Jun 2020 07:10:23 GMT">
  <testcase classname="com.dataseers.qa.testcases.ProcessorMapping_Test1" name="tranasctionMap_Processor_Test1" time="61.399"/>
</testsuite> <!-- com.dataseers.qa.testcases.ProcessorMapping_Test1 -->
