<?xml version="1.0" encoding="UTF-8"?>
<!-- Generated by org.testng.reporters.JUnitReportReporter -->
<testsuite hostname="rupesh" failures="0" tests="1" name="com.dataseers.qa.testcases.AddReport_Test" time="18.212" errors="0" timestamp="30 Mar 2020 10:54:51 GMT">
  <testcase classname="com.dataseers.qa.testcases.AddReport_Test" name="Add_NewReport_Test" time="18.212"/>
</testsuite> <!-- com.dataseers.qa.testcases.AddReport_Test -->
