<?xml version="1.0" encoding="UTF-8"?>
<!-- Generated by org.testng.reporters.JUnitReportReporter -->
<testsuite skipped="0" hostname="DESKTOP-M0JQEN5" name="MyRunner.TestRunner2" tests="1" failures="0" timestamp="20 Dec 2020 22:26:03 GMT" time="102.360" errors="0">
  <testcase name="feature" time="102.360" classname="MyRunner.TestRunner2"/>
</testsuite> <!-- MyRunner.TestRunner2 -->
